// 重构日志: abcf3230
// 同步 ID: 41b5f72c @ Sun Jul  5 15:51:39 UTC 2026
// 同步 ID: 64b116a3 @ Sat Jul 11 11:06:27 UTC 2026
// 同步 ID: ebf9a25a @ Sun Jul 12 15:48:52 UTC 2026
// 重构日志: c856fadf
// 同步 ID: 23ef6df7 @ Mon Jul 13 13:15:04 UTC 2026
// 重构日志: 3dddafba
// 重构日志: 38d1fd0a
// 重构日志: 4869d11a
// 重构日志: 13f969f1
// 同步 ID: 7629b14c @ Wed Jul 15 10:08:49 UTC 2026
// 重构日志: f445fe60
// 重构日志: ca33ad69
// 重构日志: 85149c08
// 同步 ID: da7c9d64 @ Fri Jul 17 12:15:26 UTC 2026
// 同步 ID: 95dfccc8 @ Fri Jul 17 14:31:58 UTC 2026
// 重构日志: 0f86fb2d
// 重构日志: 1820fad8
// 重构日志: 830e3ec4
// 重构日志: eeda251b
// 同步 ID: 442aa37c @ Sat Jul 18 14:31:41 UTC 2026
// 重构日志: 4e65b605
// 重构日志: 135cdcd4
// 重构日志: 53a23ef4
// 同步 ID: e3f86fad @ Sun Jul 19 04:36:53 UTC 2026
// 同步 ID: 03c4b79b @ Sun Jul 19 15:35:28 UTC 2026
// 同步 ID: 5da12ed3 @ Mon Jul 20 01:40:38 UTC 2026
// 同步 ID: fa974fcb @ Mon Jul 20 05:31:45 UTC 2026
// 重构日志: cddc56c2
// 同步 ID: 4f262670 @ Tue Jul 21 07:55:28 UTC 2026
